<?xml version="1.0" encoding="UTF-8"?>
<testsuite name="com.eni.bookhub.BookhubApplicationTests" tests="1" skipped="0" failures="0" errors="0" timestamp="2026-04-22T09:38:06.186Z" hostname="DELLVALENTIN" time="5.274">
  <properties/>
  <testcase name="contextLoads()" classname="com.eni.bookhub.BookhubApplicationTests" time="0.439"/>
  <system-out><![CDATA[11:38:06.334 [Test worker] INFO org.springframework.test.context.support.AnnotationConfigContextLoaderUtils -- Could not detect default configuration classes for test class [com.eni.bookhub.BookhubApplicationTests]: BookhubApplicationTests does not declare any static, non-private, non-final, nested classes annotated with @Configuration.
11:38:06.461 [Test worker] INFO org.springframework.boot.test.context.SpringBootTestContextBootstrapper -- Found @SpringBootConfiguration com.eni.bookhub.BookhubApplication for test class com.eni.bookhub.BookhubApplicationTests
11:38:06.549 [Test worker] INFO org.springframework.test.context.support.AnnotationConfigContextLoaderUtils -- Could not detect default configuration classes for test class [com.eni.bookhub.BookhubApplicationTests]: BookhubApplicationTests does not declare any static, non-private, non-final, nested classes annotated with @Configuration.
11:38:06.550 [Test worker] INFO org.springframework.boot.test.context.SpringBootTestContextBootstrapper -- Found @SpringBootConfiguration com.eni.bookhub.BookhubApplication for test class com.eni.bookhub.BookhubApplicationTests

  .   ____          _            __ _ _
 /\\ / ___'_ __ _ _(_)_ __  __ _ \ \ \ \
( ( )\___ | '_ | '_| | '_ \/ _` | \ \ \ \
 \\/  ___)| |_)| | | | | || (_| |  ) ) ) )
  '  |____| .__|_| |_|_| |_\__, | / / / /
 =========|_|==============|___/=/_/_/_/

 :: Spring Boot ::                (v4.0.5)

2026-04-22T11:38:06.846+02:00  INFO 9448 --- [bookhub] [    Test worker] c.eni.bookhub.BookhubApplicationTests    : Starting BookhubApplicationTests using Java 25.0.1 with PID 9448 (started by Bunel in C:\Users\Bunel\Desktop\java eni\TP\BookHub_back)
2026-04-22T11:38:06.848+02:00  INFO 9448 --- [bookhub] [    Test worker] c.eni.bookhub.BookhubApplicationTests    : The following 1 profile is active: "dev"
2026-04-22T11:38:07.805+02:00  INFO 9448 --- [bookhub] [    Test worker] .s.d.r.c.RepositoryConfigurationDelegate : Bootstrapping Spring Data JPA repositories in DEFAULT mode.
2026-04-22T11:38:07.831+02:00  INFO 9448 --- [bookhub] [    Test worker] .s.d.r.c.RepositoryConfigurationDelegate : Finished Spring Data repository scanning in 17 ms. Found 0 JPA repository interfaces.
2026-04-22T11:38:08.426+02:00  INFO 9448 --- [bookhub] [    Test worker] org.hibernate.orm.jpa                    : HHH008540: Processing PersistenceUnitInfo [name: default]
2026-04-22T11:38:08.513+02:00  INFO 9448 --- [bookhub] [    Test worker] org.hibernate.orm.core                   : HHH000001: Hibernate ORM core version 7.2.7.Final
2026-04-22T11:38:09.079+02:00  INFO 9448 --- [bookhub] [    Test worker] o.s.o.j.p.SpringPersistenceUnitInfo      : No LoadTimeWeaver setup: ignoring JPA class transformer
2026-04-22T11:38:09.116+02:00  INFO 9448 --- [bookhub] [    Test worker] com.zaxxer.hikari.HikariDataSource       : HikariPool-1 - Starting...
2026-04-22T11:38:09.389+02:00  INFO 9448 --- [bookhub] [    Test worker] com.zaxxer.hikari.pool.HikariPool        : HikariPool-1 - Added connection ConnectionID:1 ClientConnectionId: 827d2176-6585-4afe-99c6-414fbb70f8bf
2026-04-22T11:38:09.391+02:00  INFO 9448 --- [bookhub] [    Test worker] com.zaxxer.hikari.HikariDataSource       : HikariPool-1 - Start completed.
2026-04-22T11:38:09.469+02:00  INFO 9448 --- [bookhub] [    Test worker] org.hibernate.orm.connections.pooling    : HHH10001005: Database info:
	Database JDBC URL [jdbc:sqlserver://localhost:1433;concatNullYieldsNull=ON;quotedIdentifier=ON;connectRetryInterval=10;connectRetryCount=1;maxResultBuffer=-1;sendTemporalDataTypesAsStringForBulkCopy=true;delayLoadingLobs=true;useFmtOnly=false;vectorTypeSupport=v1;cacheBulkCopyMetadata=false;bulkCopyForBatchInsertAllowEncryptedValueModifications=false;bulkCopyForBatchInsertTableLock=false;bulkCopyForBatchInsertKeepNulls=false;bulkCopyForBatchInsertKeepIdentity=false;bulkCopyForBatchInsertFireTriggers=false;bulkCopyForBatchInsertCheckConstraints=false;bulkCopyForBatchInsertBatchSize=0;useBulkCopyForBatchInsert=false;cancelQueryTimeout=-1;sslProtocol=TLS;calcBigDecimalPrecision=false;useDefaultJaasConfig=false;jaasConfigurationName=SQLJDBCDriver;statementPoolingCacheSize=0;serverPreparedStatementDiscardThreshold=10;enablePrepareOnFirstPreparedStatementCall=false;fips=false;socketTimeout=0;authentication=NotSpecified;authenticationScheme=nativeAuthentication;xopenStates=false;datetimeParameterType=datetime2;sendTimeAsDatetime=true;replication=false;trustStoreType=JKS;trustServerCertificate=true;TransparentNetworkIPResolution=true;iPAddressPreference=IPv4First;serverNameAsACE=false;sendStringParametersAsUnicode=true;selectMethod=direct;responseBuffering=adaptive;queryTimeout=-1;packetSize=8000;multiSubnetFailover=false;loginTimeout=30;lockTimeout=-1;lastUpdateCount=true;useDefaultGSSCredential=false;prepareMethod=prepexec;encrypt=true;disableStatementPooling=true;databaseName=BookHub;columnEncryptionSetting=Disabled;applicationName=Microsoft JDBC Driver for SQL Server;applicationIntent=readwrite;]
	Database driver: Microsoft JDBC Driver 13.2 for SQL Server
	Database dialect: SQLServerDialect
	Database version: 16.0
	Default catalog/schema: BookHub/dbo
	Autocommit mode: undefined/unknown
	Isolation level: READ_COMMITTED [default READ_COMMITTED]
	JDBC fetch size: 128
	Pool: DataSourceConnectionProvider
	Minimum pool size: undefined/unknown
	Maximum pool size: undefined/unknown
2026-04-22T11:38:09.861+02:00  INFO 9448 --- [bookhub] [    Test worker] org.hibernate.orm.core                   : HHH000489: No JTA platform available (set 'hibernate.transaction.jta.platform' to enable JTA platform integration)
2026-04-22T11:38:09.874+02:00  INFO 9448 --- [bookhub] [    Test worker] j.LocalContainerEntityManagerFactoryBean : Initialized JPA EntityManagerFactory for persistence unit 'default'
2026-04-22T11:38:10.103+02:00  WARN 9448 --- [bookhub] [    Test worker] JpaBaseConfiguration$JpaWebConfiguration : spring.jpa.open-in-view is enabled by default. Therefore, database queries may be performed during view rendering. Explicitly configure spring.jpa.open-in-view to disable this warning
2026-04-22T11:38:10.221+02:00  WARN 9448 --- [bookhub] [    Test worker] .s.a.UserDetailsServiceAutoConfiguration : 

Using generated security password: f0fe6c1a-fa09-404b-a9f5-ea34ff856232

This generated password is for development use only. Your security configuration must be updated before running your application in production.

2026-04-22T11:38:10.231+02:00  INFO 9448 --- [bookhub] [    Test worker] r$InitializeUserDetailsManagerConfigurer : Global AuthenticationManager configured with UserDetailsService bean with name inMemoryUserDetailsManager
2026-04-22T11:38:11.003+02:00  INFO 9448 --- [bookhub] [    Test worker] c.eni.bookhub.BookhubApplicationTests    : Started BookhubApplicationTests in 4.386 seconds (process running for 5.62)
]]></system-out>
  <system-err><![CDATA[Mockito is currently self-attaching to enable the inline-mock-maker. This will no longer work in future releases of the JDK. Please add Mockito as an agent to your build as described in Mockito's documentation: https://javadoc.io/doc/org.mockito/mockito-core/latest/org.mockito/org/mockito/Mockito.html#0.3
WARNING: A Java agent has been loaded dynamically (C:\Users\Bunel\.gradle\caches\modules-2\files-2.1\net.bytebuddy\byte-buddy-agent\1.17.8\f09415827a71be7ed621c7bd02550678f28bc81c\byte-buddy-agent-1.17.8.jar)
WARNING: If a serviceability tool is in use, please run with -XX:+EnableDynamicAgentLoading to hide this warning
WARNING: If a serviceability tool is not in use, please run with -Djdk.instrument.traceUsage for more information
WARNING: Dynamic loading of agents will be disallowed by default in a future release
]]></system-err>
</testsuite>
